This is pdfTeX, Version 3.141592653-2.6-1.40.28 (TeX Live 2025) (preloaded format=pdflatex 2025.10.8)  14 JAN 2026 16:35
entering extended mode
 restricted \write18 enabled.
 %&-line parsing enabled.
**ausarbeitung.tex
(/opt/texlive/2025/texmf-dist/tex/latex/tools/x.tex
! Interruption.
<to be read again> 
                   \immediate 
l.1 
    %%
? x
 
Here is how much of TeX's memory you used:
 7 strings out of 467748
 249 string characters out of 5404041
 433693 words of memory out of 5000000
 28799 multiletter control sequences out of 15000+600000
 627721 words of font info for 40 fonts, out of 8000000 for 9000
 1141 hyphenation exceptions out of 8191
 4i,0n,0p,23b,6s stack positions out of 10000i,1000n,20000p,200000b,200000s
No pages of output.
PDF statistics:
 0 PDF objects out of 1000 (max. 8388607)
 0 named destinations out of 1000 (max. 500000)
 1 words of extra memory for PDF output out of 10000 (max. 10000000)

